********************************************************************************
DUPLICATOR-LITE PACKAGE-LOG: 23 de January de 2020 18:42
NOTICE: Do NOT post to public sites or forums 
********************************************************************************
VERSION:	1.3.24
WORDPRESS:	5.3.2
PHP INFO:	7.3.8 | SAPI: apache2handler
SERVER:		Apache/2.4.39 (Win64) OpenSSL/1.1.1c PHP/7.3.8 
PHP TIME LIMIT: (0) no time limit imposed 
PHP MAX MEMORY: 4294967296 (256M default) 
MEMORY STACK: 6MB

********************************************************************************
DATABASE:
********************************************************************************
BUILD MODE:   MYSQLDUMP
MYSQLTIMEOUT: 5000
MYSQLDUMP:    Is Supported
SQL CREATED: 20200123_sitewordpress_d518a70b8081d50d2887_20200123184147_database.sql
SQL FILE SIZE: 649.99KB (665590)
SQL FILE TIME: 2020-01-23 18:42:16
SQL RUNTIME: 1.77 sec.

********************************************************************************
ARCHIVE (ZIP):
********************************************************************************
ARCHIVE DIR:  C:/xampp/htdocs/wordpress
ARCHIVE FILE: 20200123_sitewordpress_d518a70b8081d50d2887_20200123184147_archive.zip
FILTERS: *OFF*
DIRS:
	not set
FILES:
	not set
EXTS:  not set
----------------------------------------
COMPRESSING
SIZE:	158.6MB
STATS:	Dirs 1,259 | Files 11,838
SQL ADDED: 20200123_sitewordpress_d518a70b8081d50d2887_20200123184147_database.sql
ZipArchive Object
(
    [status] => 0
    [statusSys] => 0
    [numFiles] => 13097
    [filename] => C:\xampp\htdocs\wordpress\wp-snapshots\tmp\20200123_sitewordpress_d518a70b8081d50d2887_20200123184147_archive.zip
    [comment] => 
)

FILE ADDED TO ZIP: 13096
COMPRESSION RESULT: '1'
COMPRESSED SIZE: 93.63MB
ARCHIVE RUNTIME: 86.60 sec.
MEMORY STACK: 10MB
building installer
add_extra_files1
add_extra_files2
add_extra_files3
add_extra_files4
Doing archive file check
add_extra_files5
add_extra_files6
add_extra_files8
Successfully opened zip C:/xampp/htdocs/wordpress/wp-snapshots/tmp/20200123_sitewordpress_d518a70b8081d50d2887_20200123184147_archive.zip
Adding enhanced installer files to archive using ZipArchive
Installer files added to archive
Added to archive
After ziparchive close when adding installer

********************************************************************************
INTEGRITY CHECKS:
********************************************************************************
SQL FILE: 649.99KB
INSTALLER FILE: 60.53KB
ARCHIVE FILE: 95.13MB 
EXPECTED FILE/DIRECTORY COUNT: 13,097
ACTUAL FILE/DIRECTORY COUNT: 13,096
ARCHIVE CONSISTENCY TEST: Pass

********************************************************************************
RECORD ID:[2]
TOTAL PROCESS RUNTIME: 89.73 sec.
PEAK PHP MEMORY USED: 12MB
DONE PROCESSING => 20200123_sitewordpress 23 de January de 2020 18:43

